
Finding the number of overlapping SNPs between ERR361060_annotated_snps_snpEff_GATK.vcf and ERR361062_annotated_snps_snpEff_GATK.vcf using Bedtools Intersect

Thu Jul  2 03:07:03 IST 2015
Thu Jul  2 03:07:07 IST 2015

Finding the number of non-overlapping SNPs between ERR361060_annotated_snps_snpEff_GATK.vcf and ERR361062_annotated_snps_snpEff_GATK.vcf using Bedtools Intersect

Thu Jul  2 03:11:33 IST 2015
Thu Jul  2 03:11:36 IST 2015

Finding the number of overlapping SNPs between ERR361059_annotated_snps_snpEff_GATK.vcf and ERR361061_annotated_snps_snpEff_GATK.vcf using Bedtools Intersect

Thu Jul  2 03:30:05 IST 2015
Thu Jul  2 03:30:12 IST 2015

Finding the number of non-overlapping SNPs between ERR361059_annotated_snps_snpEff_GATK.vcf and ERR361061_annotated_snps_snpEff_GATK.vcf using Bedtools Intersect

Thu Jul  2 03:34:15 IST 2015
Thu Jul  2 03:34:19 IST 2015

Finding the number of overlapping SNPs between ERR361059_annotated_snps_snpEff_GATK.vcf and ERR361060_annotated_snps_snpEff_GATK.vcf using Bedtools Intersect

Fri Jul  3 00:18:44 IST 2015
Fri Jul  3 00:18:48 IST 2015

Finding the number of non-overlapping SNPs between ERR361059_annotated_snps_snpEff_GATK.vcf and ERR361060_annotated_snps_snpEff_GATK.vcf using Bedtools Intersect

Fri Jul  3 00:21:44 IST 2015
Fri Jul  3 00:21:48 IST 2015

Finding the number of overlapping SNPs between ERR361061_annotated_snps_snpEff_GATK.vcf and ERR361062_annotated_snps_snpEff_GATK.vcf using Bedtools Intersect

Fri Jul  3 00:30:31 IST 2015
Fri Jul  3 00:30:35 IST 2015

Finding the number of non-overlapping SNPs between ERR361061_annotated_snps_snpEff_GATK.vcf and ERR361062_annotated_snps_snpEff_GATK.vcf using Bedtools Intersect

Fri Jul  3 00:32:24 IST 2015
Fri Jul  3 00:32:28 IST 2015

Finding the number of overlapping SNPs between ERR361059_annotated_snps_snpEff_GATK.vcf and ERR361059_annotated_snps_snpEff_Mpileup.vcf using Bedtools Intersect

Fri Jul  3 00:46:52 IST 2015
Fri Jul  3 00:47:03 IST 2015

Finding the number of non-overlapping SNPs between ERR361059_annotated_snps_snpEff_GATK.vcf and ERR361059_annotated_snps_snpEff_Mpileup.vcf using Bedtools Intersect

Fri Jul  3 00:49:14 IST 2015
Fri Jul  3 00:49:25 IST 2015

Finding the number of non-overlapping SNPs between ERR361059_annotated_snps_snpEff_GATK.vcf and ERR361059_annotated_snps_snpEff_Mpileup.vcf using Bedtools Intersect

Fri Jul  3 00:50:38 IST 2015
Fri Jul  3 00:50:49 IST 2015

Finding the number of overlapping SNPs between ERR361061_annotated_snps_snpEff_GATK.vcf and ERR361061_annotated_snps_snpEff_Mpileup.vcf using Bedtools Intersect

Fri Jul  3 00:58:49 IST 2015
Fri Jul  3 00:59:26 IST 2015

Finding the number of non-overlapping SNPs between ERR361061_annotated_snps_snpEff_GATK.vcf and ERR361061_annotated_snps_snpEff_Mpileup.vcf using Bedtools Intersect

Fri Jul  3 01:05:17 IST 2015
Fri Jul  3 01:05:53 IST 2015

Finding the number of overlapping SNPs between ERR361059_annotated_snps_snpEff_Mpileup.vcf and ERR361061_annotated_snps_snpEff_Mpileup.vcf using Bedtools Intersect

Fri Jul  3 01:12:41 IST 2015
Fri Jul  3 01:13:26 IST 2015

Finding the number of non-overlapping SNPs between ERR361059_annotated_snps_snpEff_Mpileup.vcf and ERR361061_annotated_snps_snpEff_Mpileup.vcf using Bedtools Intersect

Fri Jul  3 01:15:48 IST 2015
Fri Jul  3 01:16:33 IST 2015

Finding the number of non-overlapping SNPs between ERR361059_GATK_variantAnnotator_annotated_snps_snpEff_GATK.vcf and ERR361059_GATK_variantAnnotator_annotated_snps_snpEff_Mpileup.vcf using Bedtools Intersect with respect to first file

Mon Jul  6 00:14:12 IST 2015
Mon Jul  6 00:14:23 IST 2015

Finding the number of non-overlapping SNPs between ERR361059_GATK_variantAnnotator_annotated_snps_snpEff_GATK.vcf and ERR361059_GATK_variantAnnotator_annotated_snps_snpEff_Mpileup.vcf using Bedtools Intersect with respect to second file

Mon Jul  6 00:14:39 IST 2015
Mon Jul  6 00:14:46 IST 2015

Finding the number of overlapping SNPs between ERR361059_GATK_variantAnnotator_annotated_snps_snpEff_GATK.vcf and ERR361059_GATK_variantAnnotator_annotated_snps_snpEff_Mpileup.vcf using Bedtools Intersect and reporting in first file

Mon Jul  6 00:14:59 IST 2015
Mon Jul  6 00:15:05 IST 2015

Finding the number of non-overlapping SNPs between ERR361059_GATK_variantAnnotator_annotated_snps_snpEff_GATK.vcf and ERR361060_GATK_variantAnnotator_annotated_snps_snpEff_GATK.vcf using Bedtools Intersect with respect to the first file

Mon Jul  6 00:15:33 IST 2015
Mon Jul  6 00:15:37 IST 2015

Finding the number of non-overlapping SNPs between ERR361059_GATK_variantAnnotator_annotated_snps_snpEff_GATK.vcf and ERR361060_GATK_variantAnnotator_annotated_snps_snpEff_GATK.vcf using Bedtools Intersect with respect to the second file

Mon Jul  6 00:16:13 IST 2015
Mon Jul  6 00:16:16 IST 2015

Finding the number of overlapping SNPs between ERR361059_GATK_variantAnnotator_annotated_snps_snpEff_GATK.vcf and ERR361060_GATK_variantAnnotator_annotated_snps_snpEff_GATK.vcf using Bedtools Intersect and reporting in first file

Mon Jul  6 00:16:41 IST 2015
Mon Jul  6 00:16:44 IST 2015

Finding the number of non-overlapping SNPs between ERR361059_GATK_variantAnnotator_annotated_snps_snpEff_GATK.vcf and ERR361061_GATK_variantAnnotator_annotated_snps_snpEff_GATK.vcf using Bedtools Intersect with respect to the first file

Mon Jul  6 00:17:11 IST 2015
Mon Jul  6 00:17:14 IST 2015

Finding the number of non-overlapping SNPs between ERR361059_GATK_variantAnnotator_annotated_snps_snpEff_GATK.vcf and ERR361061_GATK_variantAnnotator_annotated_snps_snpEff_GATK.vcf using Bedtools Intersect with respect to the second file

Mon Jul  6 00:17:38 IST 2015
Mon Jul  6 00:17:41 IST 2015

Finding the number of overlapping SNPs between ERR361059_GATK_variantAnnotator_annotated_snps_snpEff_GATK.vcf and ERR361061_GATK_variantAnnotator_annotated_snps_snpEff_GATK.vcf using Bedtools Intersect and reporting in first file

Mon Jul  6 00:18:01 IST 2015
Mon Jul  6 00:18:05 IST 2015

Finding the number of non-overlapping SNPs between ERR361059_GATK_variantAnnotator_annotated_snps_snpEff_Mpileup.vcf and ERR361061_GATK_variantAnnotator_annotated_snps_snpEff_Mpileup.vcf using Bedtools Intersect with respect to first file

Mon Jul  6 00:18:22 IST 2015
Mon Jul  6 00:18:47 IST 2015

Finding the number of non-overlapping SNPs between ERR361059_GATK_variantAnnotator_annotated_snps_snpEff_Mpileup.vcf and ERR361061_GATK_variantAnnotator_annotated_snps_snpEff_Mpileup.vcf using Bedtools Intersect with respect to second file

Mon Jul  6 00:18:58 IST 2015

Finding the number of overlapping SNPs between ERR361059_GATK_variantAnnotator_annotated_snps_snpEff_Mpileup.vcf and ERR361061_GATK_variantAnnotator_annotated_snps_snpEff_Mpileup.vcf using Bedtools Intersect and reporting in first file

Mon Jul  6 00:19:20 IST 2015
Mon Jul  6 00:19:29 IST 2015

Finding the number of non-overlapping SNPs between ERR361060_GATK_variantAnnotator_annotated_snps_snpEff_GATK.vcf and ERR361062_GATK_variantAnnotator_annotated_snps_snpEff_GATK.vcf using Bedtools Intersect with respect to the first file

Mon Jul  6 00:19:36 IST 2015
Mon Jul  6 00:19:39 IST 2015
Mon Jul  6 00:19:45 IST 2015

Finding the number of non-overlapping SNPs between ERR361060_GATK_variantAnnotator_annotated_snps_snpEff_GATK.vcf and ERR361062_GATK_variantAnnotator_annotated_snps_snpEff_GATK.vcf using Bedtools Intersect with respect to the second file

Mon Jul  6 00:20:04 IST 2015
Mon Jul  6 00:20:06 IST 2015

Finding the number of overlapping SNPs between ERR361060_GATK_variantAnnotator_annotated_snps_snpEff_GATK.vcf and ERR361062_GATK_variantAnnotator_annotated_snps_snpEff_GATK.vcf using Bedtools Intersect and reporting in first file

Mon Jul  6 00:21:05 IST 2015
Mon Jul  6 00:21:07 IST 2015

Finding the number of non-overlapping SNPs between ERR361061_GATK_variantAnnotator_annotated_snps_snpEff_GATK.vcf and ERR361061_GATK_variantAnnotator_annotated_snps_snpEff_Mpileup.vcf using Bedtools Intersect with respect to the first file

Mon Jul  6 00:21:25 IST 2015
Mon Jul  6 00:21:50 IST 2015

Finding the number of non-overlapping SNPs between ERR361061_GATK_variantAnnotator_annotated_snps_snpEff_GATK.vcf and ERR361061_GATK_variantAnnotator_annotated_snps_snpEff_Mpileup.vcf using Bedtools Intersect with respect to the second file

Mon Jul  6 00:22:07 IST 2015

Finding the number of overlapping SNPs between ERR361061_GATK_variantAnnotator_annotated_snps_snpEff_GATK.vcf and ERR361061_GATK_variantAnnotator_annotated_snps_snpEff_Mpileup.vcf using Bedtools Intersect and reporting in first file

Mon Jul  6 00:22:29 IST 2015
Mon Jul  6 00:22:32 IST 2015
Mon Jul  6 00:22:49 IST 2015

Finding the number of non-overlapping SNPs between ERR361061_GATK_variantAnnotator_annotated_snps_snpEff_GATK.vcf and ERR361062_GATK_variantAnnotator_annotated_snps_snpEff_GATK.vcf using Bedtools Intersect with respect to first file

Mon Jul  6 00:23:00 IST 2015
Mon Jul  6 00:23:03 IST 2015

Finding the number of non-overlapping SNPs between ERR361061_GATK_variantAnnotator_annotated_snps_snpEff_GATK.vcf and ERR361062_GATK_variantAnnotator_annotated_snps_snpEff_GATK.vcf using Bedtools Intersect with respect to second file

Mon Jul  6 00:23:45 IST 2015
Mon Jul  6 00:23:48 IST 2015

Finding the number of overlapping SNPs between ERR361061_GATK_variantAnnotator_annotated_snps_snpEff_GATK.vcf and ERR361062_GATK_variantAnnotator_annotated_snps_snpEff_GATK.vcf using Bedtools Intersect and reporting in first file

Mon Jul  6 00:24:08 IST 2015
Mon Jul  6 00:24:11 IST 2015

Finding the number of overlapping SNPs between ERR361059_GATK_variantAnnotator_annotated_snps_snpEff_GATK.vcf and ERR361059_GATK_variantAnnotator_annotated_snps_snpEff_Mpileup.vcf using Bedtools Intersect and reporting in second file-testing out

Mon Jul  6 01:11:28 IST 2015
Mon Jul  6 01:11:38 IST 2015

Finding the number of overlapping SNPs between ERR361059_GATK_variantAnnotator_annotated_snps_snpEff_GATK.vcf and ERR361060_GATK_variantAnnotator_annotated_snps_snpEff_GATK.vcf using Bedtools Intersect and reporting in second file

Mon Jul  6 06:48:00 IST 2015
Mon Jul  6 06:48:03 IST 2015

Finding the number of overlapping SNPs between ERR361059_GATK_variantAnnotator_annotated_snps_snpEff_GATK.vcf and ERR361061_GATK_variantAnnotator_annotated_snps_snpEff_GATK.vcf using Bedtools Intersect and reporting in second file

Mon Jul  6 06:48:23 IST 2015
Mon Jul  6 06:48:26 IST 2015

Finding the number of overlapping SNPs between ERR361059_GATK_variantAnnotator_annotated_snps_snpEff_Mpileup.vcf and ERR361061_GATK_variantAnnotator_annotated_snps_snpEff_Mpileup.vcf using Bedtools Intersect and reporting in second file

Mon Jul  6 06:48:53 IST 2015

Finding the number of overlapping SNPs between ERR361060_GATK_variantAnnotator_annotated_snps_snpEff_GATK.vcf and ERR361062_GATK_variantAnnotator_annotated_snps_snpEff_GATK.vcf using Bedtools Intersect and reporting in second file

Mon Jul  6 06:49:16 IST 2015
Mon Jul  6 06:49:19 IST 2015
Mon Jul  6 06:49:22 IST 2015

Finding the number of overlapping SNPs between ERR361061_GATK_variantAnnotator_annotated_snps_snpEff_GATK.vcf and ERR361061_GATK_variantAnnotator_annotated_snps_snpEff_Mpileup.vcf using Bedtools Intersect and reporting in second file

Mon Jul  6 06:49:38 IST 2015

Finding the number of overlapping SNPs between ERR361061_GATK_variantAnnotator_annotated_snps_snpEff_GATK.vcf and ERR361062_GATK_variantAnnotator_annotated_snps_snpEff_GATK.vcf using Bedtools Intersect and reporting in second file

Mon Jul  6 06:50:24 IST 2015
Mon Jul  6 06:50:35 IST 2015
Mon Jul  6 06:50:55 IST 2015
